<?xml version="1.0" encoding="UTF-8"?>
<!-- Generated by org.testng.reporters.JUnitReportReporter -->
<testsuite hostname="Meghanas-MacBook-Air.local" failures="0" tests="3" name="com.hrm.qa.testcases.LoginPageTest" time="15.436" errors="0" timestamp="2023-03-05T17:39:41 IST" skipped="0">
  <testcase classname="com.hrm.qa.testcases.LoginPageTest" name="LoginSuccess" time="6.094"/>
  <system-out/>
  <testcase classname="com.hrm.qa.testcases.LoginPageTest" name="HRMLogoImageTest" time="4.928"/>
  <system-out/>
  <testcase classname="com.hrm.qa.testcases.LoginPageTest" name="loginPageTitleTest" time="4.414"/>
  <system-out/>
</testsuite> <!-- com.hrm.qa.testcases.LoginPageTest -->
