<?xml version="1.0" encoding="UTF-8"?>
<!-- Generated by org.testng.reporters.JUnitReportReporter -->
<testsuite hostname="Meghanas-MacBook-Air.local" failures="0" tests="3" name="com.hrm.qa.testcases.TestNgMethods" time="0.003" errors="0" timestamp="2023-03-09T21:56:27 IST" skipped="0">
  <testcase classname="com.hrm.qa.testcases.TestNgMethods" name="AtestOne" time="0.002"/>
  <system-out/>
  <testcase classname="com.hrm.qa.testcases.TestNgMethods" name="BtestTwo" time="0.000"/>
  <system-out/>
  <testcase classname="com.hrm.qa.testcases.TestNgMethods" name="CtestThree" time="0.001"/>
  <system-out/>
</testsuite> <!-- com.hrm.qa.testcases.TestNgMethods -->
