<?xml version="1.0" encoding="UTF-8"?>
<!-- Generated by org.testng.reporters.JUnitReportReporter -->
<testsuite hostname="Meghanas-MacBook-Air.local" failures="0" tests="3" name="com.hrm.qa.testcases.LoginPageTest" time="13.131" errors="0" timestamp="2023-03-06T19:29:42 IST" skipped="0">
  <testcase classname="com.hrm.qa.testcases.LoginPageTest" name="LoginSuccess" time="5.761"/>
  <system-out/>
  <testcase classname="com.hrm.qa.testcases.LoginPageTest" name="HRMLogoImageTest" time="4.022"/>
  <system-out/>
  <testcase classname="com.hrm.qa.testcases.LoginPageTest" name="loginPageTitleTest" time="3.348"/>
  <system-out/>
</testsuite> <!-- com.hrm.qa.testcases.LoginPageTest -->
