<?xml version="1.0" encoding="UTF-8"?>
<!-- Generated by org.testng.reporters.JUnitReportReporter -->
<testsuite hostname="Meghanas-MacBook-Air.local" failures="0" tests="4" name="com.hrm.qa.testcases.HomePageTest" time="30.176" errors="0" timestamp="2023-03-05T17:39:41 IST" skipped="0">
  <testcase classname="com.hrm.qa.testcases.HomePageTest" name="homePageTitleTest" time="6.764"/>
  <system-out/>
  <testcase classname="com.hrm.qa.testcases.HomePageTest" name="homePageClickAboutTest" time="7.260"/>
  <system-out/>
  <testcase classname="com.hrm.qa.testcases.HomePageTest" name="homePageClickSupportTest" time="7.897"/>
  <system-out/>
  <testcase classname="com.hrm.qa.testcases.HomePageTest" name="homePageClickChangePasswordTest" time="8.255"/>
  <system-out/>
</testsuite> <!-- com.hrm.qa.testcases.HomePageTest -->
