<?xml version="1.0" encoding="UTF-8"?>
<!-- Generated by org.testng.reporters.JUnitReportReporter -->
<testsuite hostname="Meghanas-MacBook-Air.local" failures="0" tests="3" name="com.hrm.qa.testcases.LoginPageTest" time="25.436" errors="0" timestamp="2023-03-25T15:32:30 IST" skipped="0">
  <testcase classname="com.hrm.qa.testcases.LoginPageTest" name="LoginSuccess" time="9.163"/>
  <system-out/>
  <testcase classname="com.hrm.qa.testcases.LoginPageTest" name="HRMLogoImageTest" time="8.410"/>
  <system-out/>
  <testcase classname="com.hrm.qa.testcases.LoginPageTest" name="loginPageTitleTest" time="7.863"/>
  <system-out/>
</testsuite> <!-- com.hrm.qa.testcases.LoginPageTest -->
