<?xml version="1.0" encoding="UTF-8"?>
<!-- Generated by org.testng.reporters.JUnitReportReporter -->
<testsuite hostname="Meghanas-MacBook-Air.local" failures="0" tests="7" name="com.hrm.qa.testcases.TestNGPriorityTest" time="0.006" errors="0" timestamp="2023-03-09T21:56:32 IST" skipped="1">
  <testcase classname="com.hrm.qa.testcases.TestNGPriorityTest" name="DtestFour" time="0.004"/>
  <system-out/>
  <testcase classname="com.hrm.qa.testcases.TestNGPriorityTest" name="testZeroPriority" time="0.001"/>
  <system-out/>
  <testcase classname="com.hrm.qa.testcases.TestNGPriorityTest" name="AtestOne" time="0.001"/>
  <system-out/>
  <testcase classname="com.hrm.qa.testcases.TestNGPriorityTest" name="BtestTwo" time="0.000"/>
  <system-out/>
  <testcase classname="com.hrm.qa.testcases.TestNGPriorityTest" name="EtestFive" time="0.000"/>
  <system-out/>
  <testcase classname="com.hrm.qa.testcases.TestNGPriorityTest" name="CtestThree" time="0.000"/>
  <system-out/>
  <testcase classname="com.hrm.qa.testcases.TestNGPriorityTest" name="testDefaultPriority">
    <skipped/>
  </testcase> <!-- testDefaultPriority -->
  <system-out/>
</testsuite> <!-- com.hrm.qa.testcases.TestNGPriorityTest -->
